<?xml version="1.0" encoding="UTF-8"?>
<testsuite xmlns:xsi="http://www.w3.org/2001/XMLSchema-instance" xsi:noNamespaceSchemaLocation="https://maven.apache.org/surefire/maven-surefire-plugin/xsd/surefire-test-report.xsd" name="com.sca.webapp.repository.ShoppingCartRepositoryTest" time="13.091" tests="2" errors="0" skipped="0" failures="1">
  <properties>
[...]
</properties>
  <testcase name="testAddItemToCart" classname="com.sca.webapp.repository.ShoppingCartRepositoryTest" time="0.881"/>
  <testcase name="testCartItemsByUser" classname="com.sca.webapp.repository.ShoppingCartRepositoryTest" time="0.438">
    <failure message="expected: &lt;4&gt; but was: &lt;5&gt;" type="org.opentest4j.AssertionFailedError"><![CDATA[org.opentest4j.AssertionFailedError: expected: <4> but was: <5>
	at com.sca.webapp.repository.ShoppingCartRepositoryTest.testCartItemsByUser(ShoppingCartRepositoryTest.java:46)
]]></failure>
    <system-out><![CDATA[2021-07-28 19:26:01.427  INFO 11440 --- [           main] o.s.t.c.transaction.TransactionContext   : Began transaction (1) for test context [DefaultTestContext@758705fa testClass = ShoppingCartRepositoryTest, testInstance = com.sca.webapp.repository.ShoppingCartRepositoryTest@2dbcee03, testMethod = testCartItemsByUser@ShoppingCartRepositoryTest, testException = [null], mergedContextConfiguration = [MergedContextConfiguration@ebaa6cb testClass = ShoppingCartRepositoryTest, locations = '{}', classes = '{class com.sca.webapp.ShoppingCartApplication}', contextInitializerClasses = '[]', activeProfiles = '{}', propertySourceLocations = '{}', propertySourceProperties = '{org.springframework.boot.test.autoconfigure.orm.jpa.DataJpaTestContextBootstrapper=true}', contextCustomizers = set[[ImportsContextCustomizer@906d29b key = [org.springframework.boot.autoconfigure.cache.CacheAutoConfiguration, org.springframework.boot.autoconfigure.data.jpa.JpaRepositoriesAutoConfiguration, org.springframework.boot.autoconfigure.flyway.FlywayAutoConfiguration, org.springframework.boot.autoconfigure.jdbc.DataSourceAutoConfiguration, org.springframework.boot.autoconfigure.jdbc.DataSourceTransactionManagerAutoConfiguration, org.springframework.boot.autoconfigure.jdbc.JdbcTemplateAutoConfiguration, org.springframework.boot.autoconfigure.liquibase.LiquibaseAutoConfiguration, org.springframework.boot.autoconfigure.orm.jpa.HibernateJpaAutoConfiguration, org.springframework.boot.autoconfigure.sql.init.SqlInitializationAutoConfiguration, org.springframework.boot.autoconfigure.transaction.TransactionAutoConfiguration, org.springframework.boot.test.autoconfigure.jdbc.TestDatabaseAutoConfiguration, org.springframework.boot.test.autoconfigure.orm.jpa.TestEntityManagerAutoConfiguration]], org.springframework.boot.test.context.filter.ExcludeFilterContextCustomizer@7d286fb6, org.springframework.boot.test.json.DuplicateJsonObjectContextCustomizerFactory$DuplicateJsonObjectContextCustomizer@7aaca91a, org.springframework.boot.test.mock.mockito.MockitoContextCustomizer@0, org.springframework.boot.test.autoconfigure.OverrideAutoConfigurationContextCustomizerFactory$DisableAutoConfigurationContextCustomizer@5b67bb7e, org.springframework.boot.test.autoconfigure.actuate.metrics.MetricsExportContextCustomizerFactory$DisableMetricExportContextCustomizer@3d246ea3, org.springframework.boot.test.autoconfigure.filter.TypeExcludeFiltersContextCustomizer@351584c0, org.springframework.boot.test.autoconfigure.properties.PropertyMappingContextCustomizer@95755bff, org.springframework.boot.test.autoconfigure.web.servlet.WebDriverContextCustomizerFactory$Customizer@181e731e, org.springframework.boot.test.context.SpringBootTestArgs@1, org.springframework.boot.test.context.SpringBootTestWebEnvironment@0], contextLoader = 'org.springframework.boot.test.context.SpringBootContextLoader', parent = [null]], attributes = map['org.springframework.test.context.event.ApplicationEventsTestExecutionListener.recordApplicationEvents' -> false]]; transaction manager [org.springframework.orm.jpa.JpaTransactionManager@319b1c77]; rollback [false]
Hibernate: select cartitem0_.id as id1_0_, cartitem0_.product_id as product_3_0_, cartitem0_.quantity as quantity2_0_, cartitem0_.user_id as user_id4_0_ from cart_item cartitem0_ where cartitem0_.user_id=?
Hibernate: select product0_.product_id as product_2_1_0_, product0_.price as price3_1_0_, product0_.product_category as product_4_1_0_, product0_.product_name as product_5_1_0_, product0_.brand as brand6_1_0_, product0_.design as design7_1_0_, product0_.type as type8_1_0_, product0_.author as author9_1_0_, product0_.genere as genere10_1_0_, product0_.publications as publica11_1_0_, product0_.product_type as product_1_1_0_ from products product0_ where product0_.product_id=?
Hibernate: select user0_.user_id as user_id1_2_0_, user0_.user_email as user_ema2_2_0_, user0_.user_name as user_nam3_2_0_, user0_.password as password4_2_0_ from user user0_ where user0_.user_id=?
Hibernate: select product0_.product_id as product_2_1_0_, product0_.price as price3_1_0_, product0_.product_category as product_4_1_0_, product0_.product_name as product_5_1_0_, product0_.brand as brand6_1_0_, product0_.design as design7_1_0_, product0_.type as type8_1_0_, product0_.author as author9_1_0_, product0_.genere as genere10_1_0_, product0_.publications as publica11_1_0_, product0_.product_type as product_1_1_0_ from products product0_ where product0_.product_id=?
Hibernate: select product0_.product_id as product_2_1_0_, product0_.price as price3_1_0_, product0_.product_category as product_4_1_0_, product0_.product_name as product_5_1_0_, product0_.brand as brand6_1_0_, product0_.design as design7_1_0_, product0_.type as type8_1_0_, product0_.author as author9_1_0_, product0_.genere as genere10_1_0_, product0_.publications as publica11_1_0_, product0_.product_type as product_1_1_0_ from products product0_ where product0_.product_id=?
2021-07-28 19:26:01.567  INFO 11440 --- [           main] o.s.t.c.transaction.TransactionContext   : Committed transaction for test: [DefaultTestContext@758705fa testClass = ShoppingCartRepositoryTest, testInstance = com.sca.webapp.repository.ShoppingCartRepositoryTest@2dbcee03, testMethod = testCartItemsByUser@ShoppingCartRepositoryTest, testException = org.opentest4j.AssertionFailedError: expected: <4> but was: <5>, mergedContextConfiguration = [MergedContextConfiguration@ebaa6cb testClass = ShoppingCartRepositoryTest, locations = '{}', classes = '{class com.sca.webapp.ShoppingCartApplication}', contextInitializerClasses = '[]', activeProfiles = '{}', propertySourceLocations = '{}', propertySourceProperties = '{org.springframework.boot.test.autoconfigure.orm.jpa.DataJpaTestContextBootstrapper=true}', contextCustomizers = set[[ImportsContextCustomizer@906d29b key = [org.springframework.boot.autoconfigure.cache.CacheAutoConfiguration, org.springframework.boot.autoconfigure.data.jpa.JpaRepositoriesAutoConfiguration, org.springframework.boot.autoconfigure.flyway.FlywayAutoConfiguration, org.springframework.boot.autoconfigure.jdbc.DataSourceAutoConfiguration, org.springframework.boot.autoconfigure.jdbc.DataSourceTransactionManagerAutoConfiguration, org.springframework.boot.autoconfigure.jdbc.JdbcTemplateAutoConfiguration, org.springframework.boot.autoconfigure.liquibase.LiquibaseAutoConfiguration, org.springframework.boot.autoconfigure.orm.jpa.HibernateJpaAutoConfiguration, org.springframework.boot.autoconfigure.sql.init.SqlInitializationAutoConfiguration, org.springframework.boot.autoconfigure.transaction.TransactionAutoConfiguration, org.springframework.boot.test.autoconfigure.jdbc.TestDatabaseAutoConfiguration, org.springframework.boot.test.autoconfigure.orm.jpa.TestEntityManagerAutoConfiguration]], org.springframework.boot.test.context.filter.ExcludeFilterContextCustomizer@7d286fb6, org.springframework.boot.test.json.DuplicateJsonObjectContextCustomizerFactory$DuplicateJsonObjectContextCustomizer@7aaca91a, org.springframework.boot.test.mock.mockito.MockitoContextCustomizer@0, org.springframework.boot.test.autoconfigure.OverrideAutoConfigurationContextCustomizerFactory$DisableAutoConfigurationContextCustomizer@5b67bb7e, org.springframework.boot.test.autoconfigure.actuate.metrics.MetricsExportContextCustomizerFactory$DisableMetricExportContextCustomizer@3d246ea3, org.springframework.boot.test.autoconfigure.filter.TypeExcludeFiltersContextCustomizer@351584c0, org.springframework.boot.test.autoconfigure.properties.PropertyMappingContextCustomizer@95755bff, org.springframework.boot.test.autoconfigure.web.servlet.WebDriverContextCustomizerFactory$Customizer@181e731e, org.springframework.boot.test.context.SpringBootTestArgs@1, org.springframework.boot.test.context.SpringBootTestWebEnvironment@0], contextLoader = 'org.springframework.boot.test.context.SpringBootContextLoader', parent = [null]], attributes = map['org.springframework.test.context.event.ApplicationEventsTestExecutionListener.recordApplicationEvents' -> false]]
]]></system-out>
  </testcase>
</testsuite>